2025-11-22 19:45:47,000 - __main__ - INFO - Sp˙öùam trÈnovanie modelu...
2025-11-22 19:45:47,001 - core.feature_extractor - INFO - NaËÌtavam Slovak BERT: gerulata/slovakbert
2025-11-22 19:45:49,770 - core.feature_extractor - INFO - BERT model naËÌtan˝ na: cpu
2025-11-22 19:45:49,770 - core.classifier - INFO - Classifier inicializovan˝ - BERT: True, TF-IDF: True
2025-11-22 19:45:49,770 - core.classifier - INFO - PouûÌvanÈ zariadenie: cpu
2025-11-22 19:45:49,770 - core.classifier - INFO - === ZA»ÕNAM TR…NOVANIE KLASIFIK¡TORA ===
2025-11-22 19:45:49,770 - core.data_processor - INFO - NaËÌtavam d·ta z: data/raw/training_data.csv
2025-11-22 19:45:49,772 - core.data_processor - ERROR - Chyba pri naËÌtavanÌ d·t: [Errno 2] No such file or directory: 'data/raw/training_data.csv'
2025-11-22 19:45:49,773 - core.classifier - ERROR - Chyba pri trÈnovanÌ: [Errno 2] No such file or directory: 'data/raw/training_data.csv'
2025-11-22 19:45:49,773 - __main__ - ERROR - Chyba pri trÈnovanÌ: [Errno 2] No such file or directory: 'data/raw/training_data.csv'
2025-11-27 16:56:17,721 - __main__ - INFO - Sp˙öùam trÈnovanie modelu...
2025-11-27 16:56:17,721 - core.feature_extractor - INFO - NaËÌtavam Slovak BERT: gerulata/slovakbert
2025-11-27 16:56:19,301 - core.feature_extractor - INFO - BERT model naËÌtan˝ na: cpu
2025-11-27 16:56:19,301 - core.classifier - INFO - Classifier inicializovan˝ - BERT: True, TF-IDF: True
2025-11-27 16:56:19,301 - core.classifier - INFO - PouûÌvanÈ zariadenie: cpu
2025-11-27 16:56:19,301 - core.classifier - INFO - === ZA»ÕNAM TR…NOVANIE KLASIFIK¡TORA ===
2025-11-27 16:56:19,301 - core.data_processor - INFO - NaËÌtavam d·ta z: data/raw/training_data.csv
2025-11-27 16:56:19,302 - core.data_processor - ERROR - Chyba pri naËÌtavanÌ d·t: [Errno 2] No such file or directory: 'data/raw/training_data.csv'
2025-11-27 16:56:19,302 - core.classifier - ERROR - Chyba pri trÈnovanÌ: [Errno 2] No such file or directory: 'data/raw/training_data.csv'
2025-11-27 16:56:19,303 - __main__ - ERROR - Chyba pri trÈnovanÌ: [Errno 2] No such file or directory: 'data/raw/training_data.csv'
2025-11-27 17:03:22,666 - __main__ - INFO - Sp˙öùam trÈnovanie modelu...
2025-11-27 17:03:22,666 - core.feature_extractor - INFO - NaËÌtavam Slovak BERT: gerulata/slovakbert
2025-11-27 17:03:24,177 - core.feature_extractor - INFO - BERT model naËÌtan˝ na: cpu
2025-11-27 17:03:24,177 - core.classifier - INFO - Classifier inicializovan˝ - BERT: True, TF-IDF: True
2025-11-27 17:03:24,178 - core.classifier - INFO - PouûÌvanÈ zariadenie: cpu
2025-11-27 17:03:24,178 - core.classifier - INFO - === ZA»ÕNAM TR…NOVANIE KLASIFIK¡TORA ===
2025-11-27 17:03:24,178 - core.data_processor - INFO - NaËÌtavam d·ta z: C:\Users\emtod\OneDrive\Desktop\Leuskove-vecicky\SO»\FilterSOC\FilterSOC_Alpha4_ML\data\raw\training_data.csv
2025-11-27 17:03:24,181 - core.data_processor - INFO - D·ta ˙speöne naËÌtanÈ. Tvar: (914, 2)
2025-11-27 17:03:24,181 - core.classifier - INFO - NaËÌtan˝ch 914 trÈnovacÌch prÌkladov
2025-11-27 17:03:24,181 - core.data_processor - INFO - ZaËÌnam augment·ciu d·t...
2025-11-27 17:03:24,333 - core.data_processor - INFO - Rozdelenie kategÛriÌ po augment·cii:
2025-11-27 17:03:24,334 - core.data_processor - INFO -   legitimate: 318 prÌkladov
2025-11-27 17:03:24,334 - core.data_processor - INFO -   clickbait: 147 prÌkladov
2025-11-27 17:03:24,334 - core.data_processor - INFO -   false_news: 103 prÌkladov
2025-11-27 17:03:24,334 - core.data_processor - INFO -   conspiracy: 78 prÌkladov
2025-11-27 17:03:24,334 - core.data_processor - INFO -   satire: 77 prÌkladov
2025-11-27 17:03:24,334 - core.data_processor - INFO -   propaganda: 58 prÌkladov
2025-11-27 17:03:24,334 - core.data_processor - INFO -   biased: 58 prÌkladov
2025-11-27 17:03:24,334 - core.data_processor - INFO -   misleading: 53 prÌkladov
2025-11-27 17:03:24,334 - core.data_processor - INFO -   bulvar: 1 prÌkladov
2025-11-27 17:03:24,335 - core.classifier - INFO - Po augment·cii: 893 prÌkladov
2025-11-27 17:03:24,335 - core.data_processor - INFO - Sp˙öùam preprocessing d·t...
2025-11-27 17:03:24,341 - core.data_processor - INFO - Preprocessing dokonËen˝. PoËet prÌkladov: 893
2025-11-27 17:03:24,341 - core.data_processor - INFO - Rozdelenie kategÛriÌ:
category
legitimate    318
clickbait     147
false_news    103
conspiracy     78
satire         77
propaganda     58
biased         58
misleading     53
bulvar          1
Name: count, dtype: int64
2025-11-27 17:03:24,343 - core.classifier - ERROR - Chyba pri trÈnovanÌ: The least populated class in y has only 1 member, which is too few. The minimum number of groups for any class cannot be less than 2.
2025-11-27 17:03:24,343 - __main__ - ERROR - Chyba pri trÈnovanÌ: The least populated class in y has only 1 member, which is too few. The minimum number of groups for any class cannot be less than 2.
2025-11-27 17:05:22,719 - __main__ - INFO - Sp˙öùam trÈnovanie modelu...
2025-11-27 17:05:22,719 - core.feature_extractor - INFO - NaËÌtavam Slovak BERT: gerulata/slovakbert
2025-11-27 17:05:24,137 - core.feature_extractor - INFO - BERT model naËÌtan˝ na: cpu
2025-11-27 17:05:24,137 - core.classifier - INFO - Classifier inicializovan˝ - BERT: True, TF-IDF: True
2025-11-27 17:05:24,138 - core.classifier - INFO - PouûÌvanÈ zariadenie: cpu
2025-11-27 17:05:24,138 - core.classifier - INFO - === ZA»ÕNAM TR…NOVANIE KLASIFIK¡TORA ===
2025-11-27 17:05:24,138 - core.data_processor - INFO - NaËÌtavam d·ta z: C:\Users\emtod\OneDrive\Desktop\Leuskove-vecicky\SO»\FilterSOC\FilterSOC_Alpha4_ML\data\raw\training_data.csv
2025-11-27 17:05:24,141 - core.data_processor - INFO - D·ta ˙speöne naËÌtanÈ. Tvar: (913, 2)
2025-11-27 17:05:24,141 - core.classifier - INFO - NaËÌtan˝ch 913 trÈnovacÌch prÌkladov
2025-11-27 17:05:24,141 - core.data_processor - INFO - ZaËÌnam augment·ciu d·t...
2025-11-27 17:05:24,286 - core.data_processor - INFO - Rozdelenie kategÛriÌ po augment·cii:
2025-11-27 17:05:24,287 - core.data_processor - INFO -   legitimate: 328 prÌkladov
2025-11-27 17:05:24,287 - core.data_processor - INFO -   clickbait: 149 prÌkladov
2025-11-27 17:05:24,287 - core.data_processor - INFO -   false_news: 101 prÌkladov
2025-11-27 17:05:24,287 - core.data_processor - INFO -   conspiracy: 77 prÌkladov
2025-11-27 17:05:24,287 - core.data_processor - INFO -   satire: 72 prÌkladov
2025-11-27 17:05:24,287 - core.data_processor - INFO -   biased: 61 prÌkladov
2025-11-27 17:05:24,287 - core.data_processor - INFO -   propaganda: 55 prÌkladov
2025-11-27 17:05:24,287 - core.data_processor - INFO -   misleading: 54 prÌkladov
2025-11-27 17:05:24,288 - core.classifier - INFO - Po augment·cii: 897 prÌkladov
2025-11-27 17:05:24,288 - core.data_processor - INFO - Sp˙öùam preprocessing d·t...
2025-11-27 17:05:24,294 - core.data_processor - INFO - Preprocessing dokonËen˝. PoËet prÌkladov: 897
2025-11-27 17:05:24,294 - core.data_processor - INFO - Rozdelenie kategÛriÌ:
category
legitimate    328
clickbait     149
false_news    101
conspiracy     77
satire         72
biased         61
propaganda     55
misleading     54
Name: count, dtype: int64
2025-11-27 17:05:24,296 - core.data_processor - INFO - TrÈnovacie d·ta: 717
2025-11-27 17:05:24,296 - core.data_processor - INFO - Testovacie d·ta: 180
2025-11-27 17:05:24,296 - core.classifier - INFO - ZaËÌnam feature extraction...
2025-11-27 17:05:24,296 - core.feature_extractor - INFO - TrÈnujem hybridn˝ feature extractor...
2025-11-27 17:05:24,296 - core.feature_extractor - INFO - TrÈnujem TF-IDF...
2025-11-27 17:05:24,307 - core.feature_extractor - INFO - Extrahujem BERT embeddings pre trÈnovacie d·ta...
2025-11-27 17:05:24,307 - core.feature_extractor - INFO - Extrahujem BERT embeddings pre 717 textov...
2025-11-27 17:05:37,810 - core.feature_extractor - INFO - BERT embeddings shape: (717, 768)
2025-11-27 17:05:37,810 - core.feature_extractor - INFO - Redukujem BERT dimenzie na 100
2025-11-27 17:05:37,905 - core.feature_extractor - INFO - Feature extractor ˙speöne natrÈnovan˝
2025-11-27 17:05:37,921 - core.feature_extractor - INFO - Extrahujem BERT embeddings pre 717 textov...
2025-11-27 17:05:52,446 - core.feature_extractor - INFO - BERT embeddings shape: (717, 768)
2025-11-27 17:05:52,453 - core.feature_extractor - INFO - KombinovanÈ features shape: (717, 2100)
2025-11-27 17:05:52,459 - core.feature_extractor - INFO - Extrahujem BERT embeddings pre 180 textov...
2025-11-27 17:05:56,277 - core.feature_extractor - INFO - BERT embeddings shape: (180, 768)
2025-11-27 17:05:56,280 - core.feature_extractor - INFO - KombinovanÈ features shape: (180, 2100)
2025-11-27 17:05:56,280 - core.classifier - INFO - TrÈnovacie features: (717, 2100)
2025-11-27 17:05:56,281 - core.classifier - INFO - Testovacie features: (180, 2100)
2025-11-27 17:05:56,281 - core.model_trainer - INFO - ZaËÌnam trÈnovanie modelu...
2025-11-27 17:05:56,281 - core.model_trainer - INFO - TrÈnujem Random Forest...
2025-11-27 17:05:56,589 - core.model_trainer - INFO - TrÈnovacia presnosù: 0.9777
2025-11-27 17:05:56,589 - core.model_trainer - INFO - Testovacia presnosù: 0.8333
2025-11-27 17:05:56,617 - core.model_trainer - INFO - 
Classification Report:
2025-11-27 17:05:56,623 - core.model_trainer - INFO - 
              precision    recall  f1-score   support

           0       1.00      0.58      0.74        12
           1       1.00      0.83      0.91        30
           2       1.00      0.88      0.93        16
           3       1.00      0.80      0.89        20
           4       0.69      1.00      0.82        66
           5       1.00      0.64      0.78        11
           6       1.00      0.36      0.53        11
           7       0.92      0.79      0.85        14

    accuracy                           0.83       180
   macro avg       0.95      0.73      0.81       180
weighted avg       0.88      0.83      0.83       180

2025-11-27 17:05:56,623 - core.classifier - INFO - Uklad·m modely...
2025-11-27 17:05:56,643 - core.feature_extractor - INFO - Feature extractor uloûen˝
2025-11-27 17:05:56,671 - core.model_trainer - INFO - Model uloûen˝ do: C:\Users\emtod\OneDrive\Desktop\Leuskove-vecicky\SO»\FilterSOC\FilterSOC_Alpha4_ML\data\models\trained_model.joblib
2025-11-27 17:05:56,672 - core.data_processor - INFO - Label encoder uloûen˝
2025-11-27 17:05:56,674 - core.classifier - INFO - Vöetky modely uloûenÈ do: C:\Users\emtod\OneDrive\Desktop\Leuskove-vecicky\SO»\FilterSOC\FilterSOC_Alpha4_ML\data\models
2025-11-27 17:05:57,620 - core.classifier - INFO - === TR…NOVANIE ⁄SPEäNE DOKON»EN… ===
2025-11-27 17:05:57,621 - __main__ - INFO - TrÈnovanie ˙speöne dokonËenÈ!
2025-11-27 17:31:13,876 - __main__ - INFO - Sp˙öùam trÈnovanie modelu...
2025-11-27 17:31:13,877 - core.feature_extractor - INFO - NaËÌtavam Slovak BERT: gerulata/slovakbert
2025-11-27 17:31:15,709 - core.feature_extractor - INFO - BERT model naËÌtan˝ na: cpu
2025-11-27 17:31:15,709 - core.classifier - INFO - Classifier inicializovan˝ - BERT: True, TF-IDF: True
2025-11-27 17:31:15,709 - core.classifier - INFO - PouûÌvanÈ zariadenie: cpu
2025-11-27 17:31:15,709 - core.classifier - INFO - === ZA»ÕNAM TR…NOVANIE KLASIFIK¡TORA ===
2025-11-27 17:31:15,709 - core.data_processor - INFO - Nacitavam data z: C:\Users\emtod\OneDrive\Desktop\Leuskove-vecicky\SO»\FilterSOC\FilterSOC_Alpha4_ML\data\raw\training_data.csv
2025-11-27 17:31:15,712 - core.data_processor - INFO - Data uspesne nacitane. Tvar: (913, 2)
2025-11-27 17:31:15,712 - core.classifier - INFO - NaËÌtan˝ch 913 trÈnovacÌch prÌkladov
2025-11-27 17:31:15,712 - core.data_processor - INFO - Zacinam augmentaciu dat...
2025-11-27 17:31:15,863 - core.data_processor - INFO - Rozdelenie kategorii po augmentacii:
2025-11-27 17:31:15,864 - core.data_processor - INFO -   legitimate: 317 prikladov
2025-11-27 17:31:15,864 - core.data_processor - INFO -   clickbait: 146 prikladov
2025-11-27 17:31:15,864 - core.data_processor - INFO -   false_news: 98 prikladov
2025-11-27 17:31:15,864 - core.data_processor - INFO -   conspiracy: 85 prikladov
2025-11-27 17:31:15,864 - core.data_processor - INFO -   satire: 71 prikladov
2025-11-27 17:31:15,864 - core.data_processor - INFO -   biased: 59 prikladov
2025-11-27 17:31:15,864 - core.data_processor - INFO -   propaganda: 53 prikladov
2025-11-27 17:31:15,864 - core.data_processor - INFO -   misleading: 52 prikladov
2025-11-27 17:31:15,865 - core.classifier - INFO - Po augment·cii: 881 prÌkladov
2025-11-27 17:31:15,865 - core.data_processor - INFO - Spustam preprocessing dat...
2025-11-27 17:31:15,871 - core.data_processor - INFO - Preprocessing dokoncen˝. Pocet prikladov: 881
2025-11-27 17:31:15,871 - core.data_processor - INFO - Rozdelenie kategorii:
category
legitimate    317
clickbait     146
false_news     98
conspiracy     85
satire         71
biased         59
propaganda     53
misleading     52
Name: count, dtype: int64
2025-11-27 17:31:15,873 - core.data_processor - INFO - TrÈnovacie d·ta: 704
2025-11-27 17:31:15,873 - core.data_processor - INFO - Testovacie d·ta: 177
2025-11-27 17:31:15,873 - core.classifier - INFO - ZaËÌnam feature extraction...
2025-11-27 17:31:15,873 - core.feature_extractor - INFO - TrÈnujem hybridn˝ feature extractor...
2025-11-27 17:31:15,873 - core.feature_extractor - INFO - TrÈnujem TF-IDF...
2025-11-27 17:31:15,883 - core.feature_extractor - INFO - Extrahujem BERT embeddings pre trÈnovacie d·ta...
2025-11-27 17:31:15,883 - core.feature_extractor - INFO - Extrahujem BERT embeddings pre 704 textov...
2025-11-27 17:31:27,258 - core.feature_extractor - INFO - BERT embeddings shape: (704, 768)
2025-11-27 17:31:27,258 - core.feature_extractor - INFO - Redukujem BERT dimenzie na 100
2025-11-27 17:31:27,362 - core.feature_extractor - INFO - Feature extractor ˙speöne natrÈnovan˝
2025-11-27 17:31:27,384 - core.feature_extractor - INFO - Extrahujem BERT embeddings pre 704 textov...
2025-11-27 17:31:42,780 - core.feature_extractor - INFO - BERT embeddings shape: (704, 768)
2025-11-27 17:31:42,788 - core.feature_extractor - INFO - KombinovanÈ features shape: (704, 2100)
2025-11-27 17:31:42,795 - core.feature_extractor - INFO - Extrahujem BERT embeddings pre 177 textov...
2025-11-27 17:31:46,587 - core.feature_extractor - INFO - BERT embeddings shape: (177, 768)
2025-11-27 17:31:46,590 - core.feature_extractor - INFO - KombinovanÈ features shape: (177, 2100)
2025-11-27 17:31:46,591 - core.classifier - INFO - TrÈnovacie features: (704, 2100)
2025-11-27 17:31:46,591 - core.classifier - INFO - Testovacie features: (177, 2100)
2025-11-27 17:31:46,591 - core.model_trainer - INFO - ZaËÌnam trÈnovanie modelu...
2025-11-27 17:31:46,591 - core.model_trainer - INFO - TrÈnujem Random Forest...
2025-11-27 17:31:51,001 - core.model_trainer - INFO - TrÈnovacia presnosù: 0.9943
2025-11-27 17:31:51,001 - core.model_trainer - INFO - Testovacia presnosù: 0.8870
2025-11-27 17:31:51,007 - core.model_trainer - INFO - 
Classification Report:
2025-11-27 17:31:51,011 - core.model_trainer - INFO - 
              precision    recall  f1-score   support

           0       0.75      0.75      0.75        12
           1       1.00      0.90      0.95        29
           2       0.80      0.94      0.86        17
           3       1.00      0.80      0.89        20
           4       0.91      0.97      0.94        64
           5       0.88      0.70      0.78        10
           6       0.67      0.73      0.70        11
           7       0.87      0.93      0.90        14

    accuracy                           0.89       177
   macro avg       0.86      0.84      0.84       177
weighted avg       0.89      0.89      0.89       177

2025-11-27 17:31:51,011 - core.classifier - INFO - Uklad·m modely...
2025-11-27 17:31:51,029 - core.feature_extractor - INFO - Feature extractor uloûen˝
2025-11-27 17:31:51,060 - core.model_trainer - INFO - Model uloûen˝ do: C:\Users\emtod\OneDrive\Desktop\Leuskove-vecicky\SO»\FilterSOC\FilterSOC_Alpha4_ML\data\models\trained_model.joblib
2025-11-27 17:31:51,061 - core.data_processor - INFO - Label encoder ulozeny
2025-11-27 17:31:51,061 - core.classifier - INFO - Vöetky modely uloûenÈ do: C:\Users\emtod\OneDrive\Desktop\Leuskove-vecicky\SO»\FilterSOC\FilterSOC_Alpha4_ML\data\models
2025-11-27 17:31:51,366 - core.classifier - INFO - KoneËn· presnosù: 0.8870
2025-11-27 17:31:51,367 - core.classifier - INFO - Priemern· istota: 0.6629
2025-11-27 17:31:51,367 - core.classifier - INFO - PoËet features: 2100
2025-11-27 17:31:51,367 - core.classifier - INFO - === TR…NOVANIE ⁄SPEäNE DOKON»EN… ===
2025-11-27 17:31:51,368 - __main__ - INFO - TrÈnovanie ˙speöne dokonËenÈ!
2025-11-27 17:33:33,588 - __main__ - INFO - Sp˙öùam trÈnovanie modelu...
2025-11-27 17:33:33,588 - core.feature_extractor - INFO - NaËÌtavam Slovak BERT: gerulata/slovakbert
2025-11-27 17:33:35,271 - core.feature_extractor - INFO - BERT model naËÌtan˝ na: cpu
2025-11-27 17:33:35,271 - core.classifier - INFO - Classifier inicializovan˝ - BERT: True, TF-IDF: True
2025-11-27 17:33:35,271 - core.classifier - INFO - PouûÌvanÈ zariadenie: cpu
2025-11-27 17:33:35,271 - core.classifier - INFO - === ZA»ÕNAM TR…NOVANIE KLASIFIK¡TORA ===
2025-11-27 17:33:35,271 - core.data_processor - INFO - Nacitavam data z: C:\Users\emtod\OneDrive\Desktop\Leuskove-vecicky\SO»\FilterSOC\FilterSOC_Alpha4_ML\data\raw\training_data.csv
2025-11-27 17:33:35,274 - core.data_processor - INFO - Data uspesne nacitane. Tvar: (913, 2)
2025-11-27 17:33:35,274 - core.classifier - INFO - NaËÌtan˝ch 913 trÈnovacÌch prÌkladov
2025-11-27 17:33:35,274 - core.data_processor - INFO - Zacinam augmentaciu dat...
2025-11-27 17:33:35,425 - core.data_processor - INFO - Rozdelenie kategorii po augmentacii:
2025-11-27 17:33:35,426 - core.data_processor - INFO -   legitimate: 328 prikladov
2025-11-27 17:33:35,426 - core.data_processor - INFO -   clickbait: 147 prikladov
2025-11-27 17:33:35,426 - core.data_processor - INFO -   false_news: 103 prikladov
2025-11-27 17:33:35,426 - core.data_processor - INFO -   conspiracy: 73 prikladov
2025-11-27 17:33:35,426 - core.data_processor - INFO -   satire: 71 prikladov
2025-11-27 17:33:35,426 - core.data_processor - INFO -   biased: 61 prikladov
2025-11-27 17:33:35,426 - core.data_processor - INFO -   propaganda: 58 prikladov
2025-11-27 17:33:35,426 - core.data_processor - INFO -   misleading: 53 prikladov
2025-11-27 17:33:35,427 - core.classifier - INFO - Po augment·cii: 894 prÌkladov
2025-11-27 17:33:35,427 - core.data_processor - INFO - Spustam preprocessing dat...
2025-11-27 17:33:35,434 - core.data_processor - INFO - Preprocessing dokoncen˝. Pocet prikladov: 894
2025-11-27 17:33:35,434 - core.data_processor - INFO - Rozdelenie kategorii:
category
legitimate    328
clickbait     147
false_news    103
conspiracy     73
satire         71
biased         61
propaganda     58
misleading     53
Name: count, dtype: int64
2025-11-27 17:33:35,436 - core.data_processor - INFO - TrÈnovacie d·ta: 715
2025-11-27 17:33:35,436 - core.data_processor - INFO - Testovacie d·ta: 179
2025-11-27 17:33:35,436 - core.classifier - INFO - ZaËÌnam feature extraction...
2025-11-27 17:33:35,436 - core.feature_extractor - INFO - TrÈnujem hybridn˝ feature extractor...
2025-11-27 17:33:35,436 - core.feature_extractor - INFO - TrÈnujem TF-IDF...
2025-11-27 17:33:35,446 - core.feature_extractor - INFO - Extrahujem BERT embeddings pre trÈnovacie d·ta...
2025-11-27 17:33:35,446 - core.feature_extractor - INFO - Extrahujem BERT embeddings pre 715 textov...
2025-11-27 17:33:51,612 - core.feature_extractor - INFO - BERT embeddings shape: (715, 768)
2025-11-27 17:33:51,612 - core.feature_extractor - INFO - Redukujem BERT dimenzie na 100
2025-11-27 17:33:51,734 - core.feature_extractor - INFO - Feature extractor ˙speöne natrÈnovan˝
2025-11-27 17:33:51,749 - core.feature_extractor - INFO - Extrahujem BERT embeddings pre 715 textov...
2025-11-27 17:34:15,450 - core.feature_extractor - INFO - BERT embeddings shape: (715, 768)
2025-11-27 17:34:15,458 - core.feature_extractor - INFO - KombinovanÈ features shape: (715, 2100)
2025-11-27 17:34:15,466 - core.feature_extractor - INFO - Extrahujem BERT embeddings pre 179 textov...
2025-11-27 17:34:20,891 - core.feature_extractor - INFO - BERT embeddings shape: (179, 768)
2025-11-27 17:34:20,891 - core.feature_extractor - INFO - KombinovanÈ features shape: (179, 2100)
2025-11-27 17:34:20,891 - core.classifier - INFO - TrÈnovacie features: (715, 2100)
2025-11-27 17:34:20,891 - core.classifier - INFO - Testovacie features: (179, 2100)
2025-11-27 17:34:20,891 - core.model_trainer - INFO - ZaËÌnam trÈnovanie modelu...
2025-11-27 17:34:20,891 - core.model_trainer - INFO - TrÈnujem Random Forest...
2025-11-27 17:34:37,244 - core.model_trainer - INFO - TrÈnovacia presnosù: 1.0000
2025-11-27 17:34:37,260 - core.model_trainer - INFO - Testovacia presnosù: 0.9274
2025-11-27 17:34:37,278 - core.model_trainer - INFO - 
Classification Report:
2025-11-27 17:34:37,278 - core.model_trainer - INFO - 
              precision    recall  f1-score   support

           0       1.00      0.83      0.91        12
           1       1.00      0.90      0.95        29
           2       1.00      1.00      1.00        15
           3       1.00      0.95      0.98        21
           4       0.87      0.98      0.92        66
           5       0.91      1.00      0.95        10
           6       0.90      0.75      0.82        12
           7       0.92      0.79      0.85        14

    accuracy                           0.93       179
   macro avg       0.95      0.90      0.92       179
weighted avg       0.93      0.93      0.93       179

2025-11-27 17:34:37,278 - core.classifier - INFO - Uklad·m modely...
2025-11-27 17:34:37,319 - core.feature_extractor - INFO - Feature extractor uloûen˝
2025-11-27 17:34:37,430 - core.model_trainer - INFO - Model uloûen˝ do: C:\Users\emtod\OneDrive\Desktop\Leuskove-vecicky\SO»\FilterSOC\FilterSOC_Alpha4_ML\data\models\trained_model.joblib
2025-11-27 17:34:37,433 - core.data_processor - INFO - Label encoder ulozeny
2025-11-27 17:34:37,434 - core.classifier - INFO - Vöetky modely uloûenÈ do: C:\Users\emtod\OneDrive\Desktop\Leuskove-vecicky\SO»\FilterSOC\FilterSOC_Alpha4_ML\data\models
2025-11-27 17:34:37,971 - core.classifier - INFO - KoneËn· presnosù: 0.9274
2025-11-27 17:34:37,971 - core.classifier - INFO - Priemern· istota: 0.7226
2025-11-27 17:34:37,971 - core.classifier - INFO - PoËet features: 2100
2025-11-27 17:34:37,971 - core.classifier - INFO - === TR…NOVANIE ⁄SPEäNE DOKON»EN… ===
2025-11-27 17:34:37,973 - __main__ - INFO - TrÈnovanie ˙speöne dokonËenÈ!
2026-02-28 13:29:20,710 - __main__ - INFO - Sp˙öùam trÈnovanie modelu typu: mlp
2026-02-28 13:29:20,710 - core.feature_extractor - INFO - NaËÌtavam SentenceTransformer: sentence-transformers/paraphrase-multilingual-MiniLM-L12-v2
2026-02-28 13:29:20,712 - sentence_transformers.SentenceTransformer - INFO - Load pretrained SentenceTransformer: sentence-transformers/paraphrase-multilingual-MiniLM-L12-v2
2026-02-28 13:29:21,648 - httpx - INFO - HTTP Request: HEAD https://huggingface.co/sentence-transformers/paraphrase-multilingual-MiniLM-L12-v2/resolve/main/modules.json "HTTP/1.1 307 Temporary Redirect"
2026-02-28 13:29:21,712 - httpx - INFO - HTTP Request: HEAD https://huggingface.co/api/resolve-cache/models/sentence-transformers/paraphrase-multilingual-MiniLM-L12-v2/e8f8c211226b894fcb81acc59f3b34ba3efd5f42/modules.json "HTTP/1.1 200 OK"
2026-02-28 13:29:22,007 - httpx - INFO - HTTP Request: HEAD https://huggingface.co/sentence-transformers/paraphrase-multilingual-MiniLM-L12-v2/resolve/main/config_sentence_transformers.json "HTTP/1.1 307 Temporary Redirect"
2026-02-28 13:29:22,235 - httpx - INFO - HTTP Request: HEAD https://huggingface.co/api/resolve-cache/models/sentence-transformers/paraphrase-multilingual-MiniLM-L12-v2/e8f8c211226b894fcb81acc59f3b34ba3efd5f42/config_sentence_transformers.json "HTTP/1.1 200 OK"
2026-02-28 13:29:22,531 - httpx - INFO - HTTP Request: HEAD https://huggingface.co/sentence-transformers/paraphrase-multilingual-MiniLM-L12-v2/resolve/main/config_sentence_transformers.json "HTTP/1.1 307 Temporary Redirect"
2026-02-28 13:29:22,690 - httpx - INFO - HTTP Request: HEAD https://huggingface.co/api/resolve-cache/models/sentence-transformers/paraphrase-multilingual-MiniLM-L12-v2/e8f8c211226b894fcb81acc59f3b34ba3efd5f42/config_sentence_transformers.json "HTTP/1.1 200 OK"
2026-02-28 13:29:22,906 - httpx - INFO - HTTP Request: HEAD https://huggingface.co/sentence-transformers/paraphrase-multilingual-MiniLM-L12-v2/resolve/main/README.md "HTTP/1.1 307 Temporary Redirect"
2026-02-28 13:29:23,034 - httpx - INFO - HTTP Request: HEAD https://huggingface.co/api/resolve-cache/models/sentence-transformers/paraphrase-multilingual-MiniLM-L12-v2/e8f8c211226b894fcb81acc59f3b34ba3efd5f42/README.md "HTTP/1.1 200 OK"
2026-02-28 13:29:23,239 - httpx - INFO - HTTP Request: HEAD https://huggingface.co/sentence-transformers/paraphrase-multilingual-MiniLM-L12-v2/resolve/main/modules.json "HTTP/1.1 307 Temporary Redirect"
2026-02-28 13:29:23,583 - httpx - INFO - HTTP Request: HEAD https://huggingface.co/api/resolve-cache/models/sentence-transformers/paraphrase-multilingual-MiniLM-L12-v2/e8f8c211226b894fcb81acc59f3b34ba3efd5f42/modules.json "HTTP/1.1 200 OK"
2026-02-28 13:29:23,824 - httpx - INFO - HTTP Request: HEAD https://huggingface.co/sentence-transformers/paraphrase-multilingual-MiniLM-L12-v2/resolve/main/sentence_bert_config.json "HTTP/1.1 307 Temporary Redirect"
2026-02-28 13:29:24,160 - httpx - INFO - HTTP Request: HEAD https://huggingface.co/api/resolve-cache/models/sentence-transformers/paraphrase-multilingual-MiniLM-L12-v2/e8f8c211226b894fcb81acc59f3b34ba3efd5f42/sentence_bert_config.json "HTTP/1.1 200 OK"
2026-02-28 13:29:24,308 - httpx - INFO - HTTP Request: HEAD https://huggingface.co/sentence-transformers/paraphrase-multilingual-MiniLM-L12-v2/resolve/main/adapter_config.json "HTTP/1.1 404 Not Found"
2026-02-28 13:29:24,577 - httpx - INFO - HTTP Request: HEAD https://huggingface.co/sentence-transformers/paraphrase-multilingual-MiniLM-L12-v2/resolve/main/config.json "HTTP/1.1 307 Temporary Redirect"
2026-02-28 13:29:24,801 - httpx - INFO - HTTP Request: HEAD https://huggingface.co/api/resolve-cache/models/sentence-transformers/paraphrase-multilingual-MiniLM-L12-v2/e8f8c211226b894fcb81acc59f3b34ba3efd5f42/config.json "HTTP/1.1 200 OK"
2026-02-28 13:29:25,188 - httpx - INFO - HTTP Request: HEAD https://huggingface.co/sentence-transformers/paraphrase-multilingual-MiniLM-L12-v2/resolve/main/config.json "HTTP/1.1 307 Temporary Redirect"
2026-02-28 13:29:25,392 - httpx - INFO - HTTP Request: HEAD https://huggingface.co/api/resolve-cache/models/sentence-transformers/paraphrase-multilingual-MiniLM-L12-v2/e8f8c211226b894fcb81acc59f3b34ba3efd5f42/config.json "HTTP/1.1 200 OK"
2026-02-28 13:29:25,744 - httpx - INFO - HTTP Request: HEAD https://huggingface.co/sentence-transformers/paraphrase-multilingual-MiniLM-L12-v2/resolve/main/tokenizer_config.json "HTTP/1.1 307 Temporary Redirect"
2026-02-28 13:29:25,802 - httpx - INFO - HTTP Request: HEAD https://huggingface.co/api/resolve-cache/models/sentence-transformers/paraphrase-multilingual-MiniLM-L12-v2/e8f8c211226b894fcb81acc59f3b34ba3efd5f42/tokenizer_config.json "HTTP/1.1 200 OK"
2026-02-28 13:29:26,005 - httpx - INFO - HTTP Request: HEAD https://huggingface.co/sentence-transformers/paraphrase-multilingual-MiniLM-L12-v2/resolve/main/tokenizer_config.json "HTTP/1.1 307 Temporary Redirect"
2026-02-28 13:29:26,005 - huggingface_hub.utils._http - WARNING - Warning: You are sending unauthenticated requests to the HF Hub. Please set a HF_TOKEN to enable higher rate limits and faster downloads.
2026-02-28 13:29:26,106 - httpx - INFO - HTTP Request: HEAD https://huggingface.co/api/resolve-cache/models/sentence-transformers/paraphrase-multilingual-MiniLM-L12-v2/e8f8c211226b894fcb81acc59f3b34ba3efd5f42/tokenizer_config.json "HTTP/1.1 200 OK"
2026-02-28 13:29:26,460 - httpx - INFO - HTTP Request: GET https://huggingface.co/api/models/sentence-transformers/paraphrase-multilingual-MiniLM-L12-v2/tree/main/additional_chat_templates?recursive=false&expand=false "HTTP/1.1 404 Not Found"
2026-02-28 13:29:26,871 - httpx - INFO - HTTP Request: GET https://huggingface.co/api/models/sentence-transformers/paraphrase-multilingual-MiniLM-L12-v2/tree/main?recursive=true&expand=false "HTTP/1.1 200 OK"
2026-02-28 13:29:28,145 - httpx - INFO - HTTP Request: GET https://huggingface.co/api/models/sentence-transformers/paraphrase-multilingual-MiniLM-L12-v2 "HTTP/1.1 200 OK"
2026-02-28 13:29:28,431 - httpx - INFO - HTTP Request: HEAD https://huggingface.co/sentence-transformers/paraphrase-multilingual-MiniLM-L12-v2/resolve/main/1_Pooling/config.json "HTTP/1.1 307 Temporary Redirect"
2026-02-28 13:29:28,459 - httpx - INFO - HTTP Request: HEAD https://huggingface.co/api/resolve-cache/models/sentence-transformers/paraphrase-multilingual-MiniLM-L12-v2/e8f8c211226b894fcb81acc59f3b34ba3efd5f42/1_Pooling%2Fconfig.json "HTTP/1.1 200 OK"
2026-02-28 13:29:28,605 - httpx - INFO - HTTP Request: GET https://huggingface.co/api/models/sentence-transformers/paraphrase-multilingual-MiniLM-L12-v2 "HTTP/1.1 200 OK"
2026-02-28 13:29:28,608 - core.classifier - INFO - Classifier inicializovan˝ - BERT: False, TF-IDF: False, SENT: True, MODEL: mlp
2026-02-28 13:29:28,608 - core.classifier - INFO - PouûÌvanÈ zariadenie: cpu
2026-02-28 13:29:28,608 - core.classifier - INFO - === ZA»ÕNAM TR…NOVANIE KLASIFIK¡TORA ===
2026-02-28 13:29:28,608 - core.data_processor - INFO - Nacitavam data z: C:\Users\emtod\OneDrive\Desktop\Leuskove-vecicky\MediaLens_MLP_RF\data\raw\training_data.csv
2026-02-28 13:29:28,611 - core.data_processor - INFO - Data uspesne nacitane. Tvar: (913, 2)
2026-02-28 13:29:28,611 - core.classifier - INFO - NaËÌtan˝ch 913 trÈnovacÌch prÌkladov
2026-02-28 13:29:28,611 - core.data_processor - INFO - Zacinam augmentaciu dat...
2026-02-28 13:29:28,704 - core.data_processor - INFO - Rozdelenie kategorii po augmentacii:
2026-02-28 13:29:28,705 - core.data_processor - INFO -   legitimate: 309 prikladov
2026-02-28 13:29:28,705 - core.data_processor - INFO -   clickbait: 139 prikladov
2026-02-28 13:29:28,705 - core.data_processor - INFO -   false_news: 105 prikladov
2026-02-28 13:29:28,705 - core.data_processor - INFO -   satire: 73 prikladov
2026-02-28 13:29:28,705 - core.data_processor - INFO -   conspiracy: 71 prikladov
2026-02-28 13:29:28,705 - core.data_processor - INFO -   biased: 61 prikladov
2026-02-28 13:29:28,705 - core.data_processor - INFO -   propaganda: 60 prikladov
2026-02-28 13:29:28,705 - core.data_processor - INFO -   misleading: 48 prikladov
2026-02-28 13:29:28,706 - core.classifier - INFO - Po augment·cii: 866 prÌkladov
2026-02-28 13:29:28,706 - core.data_processor - INFO - Spustam preprocessing dat...
2026-02-28 13:29:28,712 - core.data_processor - INFO - Preprocessing dokoncen˝. Pocet prikladov: 866
2026-02-28 13:29:28,713 - core.data_processor - INFO - Rozdelenie kategorii:
category
legitimate    309
clickbait     139
false_news    105
satire         73
conspiracy     71
biased         61
propaganda     60
misleading     48
Name: count, dtype: int64
2026-02-28 13:29:28,716 - core.data_processor - INFO - TrÈnovacie d·ta: 692
2026-02-28 13:29:28,716 - core.data_processor - INFO - Testovacie d·ta: 174
2026-02-28 13:29:28,716 - core.classifier - INFO - ZaËÌnam feature extraction...
2026-02-28 13:29:28,716 - core.feature_extractor - INFO - TrÈnujem hybridn˝ feature extractor...
2026-02-28 13:29:28,716 - core.feature_extractor - INFO - Warmup: sentence embeddings...
2026-02-28 13:29:28,716 - core.feature_extractor - INFO - Extrahujem sentence embeddings pre 4 textov...
2026-02-28 13:29:28,769 - core.feature_extractor - INFO - Sentence embeddings shape: (4, 384)
2026-02-28 13:29:28,769 - core.feature_extractor - INFO - Feature extractor ˙speöne natrÈnovan˝
2026-02-28 13:29:28,769 - core.feature_extractor - INFO - Extrahujem sentence embeddings pre 692 textov...
2026-02-28 13:29:31,057 - core.feature_extractor - INFO - Sentence embeddings shape: (692, 384)
2026-02-28 13:29:31,057 - core.feature_extractor - INFO - KombinovanÈ features shape: (692, 384)
2026-02-28 13:29:31,058 - core.feature_extractor - INFO - Extrahujem sentence embeddings pre 174 textov...
2026-02-28 13:29:31,658 - core.feature_extractor - INFO - Sentence embeddings shape: (174, 384)
2026-02-28 13:29:31,659 - core.feature_extractor - INFO - KombinovanÈ features shape: (174, 384)
2026-02-28 13:29:31,659 - core.classifier - INFO - TrÈnovacie features: (692, 384)
2026-02-28 13:29:31,659 - core.classifier - INFO - Testovacie features: (174, 384)
2026-02-28 13:29:31,659 - core.model_trainer - INFO - ZaËÌnam trÈnovanie modelu...
2026-02-28 13:29:31,659 - core.model_trainer - INFO - TrÈnujem MLP (na embeddings/features)...
2026-02-28 13:29:33,115 - core.model_trainer - INFO - TrÈnovacia presnosù: 0.9870
2026-02-28 13:29:33,115 - core.model_trainer - INFO - Testovacia presnosù: 0.9310
2026-02-28 13:29:33,116 - core.model_trainer - INFO - 
Classification Report:
2026-02-28 13:29:33,120 - core.model_trainer - INFO - 
              precision    recall  f1-score   support

           0       0.86      0.50      0.63        12
           1       0.93      0.93      0.93        28
           2       1.00      1.00      1.00        14
           3       1.00      1.00      1.00        21
           4       0.91      0.95      0.93        62
           5       1.00      1.00      1.00        10
           6       0.79      0.92      0.85        12
           7       1.00      1.00      1.00        15

    accuracy                           0.93       174
   macro avg       0.93      0.91      0.92       174
weighted avg       0.93      0.93      0.93       174

2026-02-28 13:29:33,120 - core.classifier - INFO - Uklad·m modely...
2026-02-28 13:29:33,120 - core.feature_extractor - INFO - Feature extractor uloûen˝
2026-02-28 13:29:33,123 - core.model_trainer - INFO - Model uloûen˝ do: C:\Users\emtod\OneDrive\Desktop\Leuskove-vecicky\MediaLens_MLP_RF\data\models\trained_model_mlp.joblib
2026-02-28 13:29:33,125 - core.data_processor - INFO - Label encoder ulozeny
2026-02-28 13:29:33,126 - core.classifier - INFO - Vöetky modely uloûenÈ do: C:\Users\emtod\OneDrive\Desktop\Leuskove-vecicky\MediaLens_MLP_RF\data\models
2026-02-28 13:29:33,132 - core.classifier - INFO - KoneËn· presnosù: 0.9310
2026-02-28 13:29:33,132 - core.classifier - INFO - Priemern· istota: 0.9174
2026-02-28 13:29:33,132 - core.classifier - INFO - PoËet features: 384
2026-02-28 13:29:33,132 - core.classifier - INFO - === TR…NOVANIE ⁄SPEäNE DOKON»EN… ===
2026-02-28 13:29:33,132 - __main__ - INFO - TrÈnovanie ˙speöne dokonËenÈ!
2026-02-28 13:30:57,404 - __main__ - INFO - Sp˙öùam trÈnovanie modelu typu: rf
2026-02-28 13:30:57,405 - core.feature_extractor - INFO - NaËÌtavam Slovak BERT: gerulata/slovakbert
2026-02-28 13:30:58,164 - httpx - INFO - HTTP Request: HEAD https://huggingface.co/gerulata/slovakbert/resolve/main/config.json "HTTP/1.1 307 Temporary Redirect"
2026-02-28 13:30:58,276 - httpx - INFO - HTTP Request: HEAD https://huggingface.co/api/resolve-cache/models/gerulata/slovakbert/629d4e16f546fad0054b5143fe13ccbea03259e2/config.json "HTTP/1.1 200 OK"
2026-02-28 13:30:58,472 - httpx - INFO - HTTP Request: HEAD https://huggingface.co/gerulata/slovakbert/resolve/main/tokenizer_config.json "HTTP/1.1 307 Temporary Redirect"
2026-02-28 13:30:58,690 - httpx - INFO - HTTP Request: HEAD https://huggingface.co/api/resolve-cache/models/gerulata/slovakbert/629d4e16f546fad0054b5143fe13ccbea03259e2/tokenizer_config.json "HTTP/1.1 200 OK"
2026-02-28 13:30:58,881 - httpx - INFO - HTTP Request: GET https://huggingface.co/api/models/gerulata/slovakbert/tree/main/additional_chat_templates?recursive=false&expand=false "HTTP/1.1 404 Not Found"
2026-02-28 13:30:59,226 - httpx - INFO - HTTP Request: GET https://huggingface.co/api/models/gerulata/slovakbert/tree/main?recursive=true&expand=false "HTTP/1.1 200 OK"
2026-02-28 13:30:59,574 - httpx - INFO - HTTP Request: HEAD https://huggingface.co/gerulata/slovakbert/resolve/main/config.json "HTTP/1.1 307 Temporary Redirect"
2026-02-28 13:30:59,636 - httpx - INFO - HTTP Request: HEAD https://huggingface.co/api/resolve-cache/models/gerulata/slovakbert/629d4e16f546fad0054b5143fe13ccbea03259e2/config.json "HTTP/1.1 200 OK"
2026-02-28 13:30:59,823 - core.feature_extractor - INFO - BERT model naËÌtan˝ na: cpu
2026-02-28 13:30:59,823 - core.classifier - INFO - Classifier inicializovan˝ - BERT: True, TF-IDF: True, SENT: False, MODEL: rf
2026-02-28 13:30:59,823 - core.classifier - INFO - PouûÌvanÈ zariadenie: cpu
2026-02-28 13:30:59,824 - core.classifier - INFO - === ZA»ÕNAM TR…NOVANIE KLASIFIK¡TORA ===
2026-02-28 13:30:59,824 - core.data_processor - INFO - Nacitavam data z: C:\Users\emtod\OneDrive\Desktop\Leuskove-vecicky\MediaLens_MLP_RF\data\raw\training_data.csv
2026-02-28 13:30:59,827 - core.data_processor - INFO - Data uspesne nacitane. Tvar: (913, 2)
2026-02-28 13:30:59,827 - core.classifier - INFO - NaËÌtan˝ch 913 trÈnovacÌch prÌkladov
2026-02-28 13:30:59,827 - core.data_processor - INFO - Zacinam augmentaciu dat...
2026-02-28 13:30:59,908 - core.data_processor - INFO - Rozdelenie kategorii po augmentacii:
2026-02-28 13:30:59,908 - core.data_processor - INFO -   legitimate: 309 prikladov
2026-02-28 13:30:59,908 - core.data_processor - INFO -   clickbait: 139 prikladov
2026-02-28 13:30:59,909 - core.data_processor - INFO -   false_news: 105 prikladov
2026-02-28 13:30:59,909 - core.data_processor - INFO -   satire: 73 prikladov
2026-02-28 13:30:59,909 - core.data_processor - INFO -   conspiracy: 71 prikladov
2026-02-28 13:30:59,909 - core.data_processor - INFO -   biased: 61 prikladov
2026-02-28 13:30:59,909 - core.data_processor - INFO -   propaganda: 60 prikladov
2026-02-28 13:30:59,909 - core.data_processor - INFO -   misleading: 48 prikladov
2026-02-28 13:30:59,910 - core.classifier - INFO - Po augment·cii: 866 prÌkladov
2026-02-28 13:30:59,910 - core.data_processor - INFO - Spustam preprocessing dat...
2026-02-28 13:30:59,917 - core.data_processor - INFO - Preprocessing dokoncen˝. Pocet prikladov: 866
2026-02-28 13:30:59,918 - core.data_processor - INFO - Rozdelenie kategorii:
category
legitimate    309
clickbait     139
false_news    105
satire         73
conspiracy     71
biased         61
propaganda     60
misleading     48
Name: count, dtype: int64
2026-02-28 13:30:59,920 - core.data_processor - INFO - TrÈnovacie d·ta: 692
2026-02-28 13:30:59,920 - core.data_processor - INFO - Testovacie d·ta: 174
2026-02-28 13:30:59,920 - core.classifier - INFO - ZaËÌnam feature extraction...
2026-02-28 13:30:59,920 - core.feature_extractor - INFO - TrÈnujem hybridn˝ feature extractor...
2026-02-28 13:30:59,920 - core.feature_extractor - INFO - TrÈnujem TF-IDF...
2026-02-28 13:30:59,931 - core.feature_extractor - INFO - Extrahujem BERT embeddings pre trÈnovacie d·ta...
2026-02-28 13:30:59,931 - core.feature_extractor - INFO - Extrahujem BERT embeddings pre 692 textov...
2026-02-28 13:31:11,703 - core.feature_extractor - INFO - BERT embeddings shape: (692, 768)
2026-02-28 13:31:11,703 - core.feature_extractor - INFO - Redukujem BERT dimenzie na 100
2026-02-28 13:31:11,805 - core.feature_extractor - INFO - Feature extractor ˙speöne natrÈnovan˝
2026-02-28 13:31:11,820 - core.feature_extractor - INFO - Extrahujem BERT embeddings pre 692 textov...
2026-02-28 13:31:26,713 - core.feature_extractor - INFO - BERT embeddings shape: (692, 768)
2026-02-28 13:31:26,720 - core.feature_extractor - INFO - KombinovanÈ features shape: (692, 2100)
2026-02-28 13:31:26,727 - core.feature_extractor - INFO - Extrahujem BERT embeddings pre 174 textov...
2026-02-28 13:31:30,250 - core.feature_extractor - INFO - BERT embeddings shape: (174, 768)
2026-02-28 13:31:30,253 - core.feature_extractor - INFO - KombinovanÈ features shape: (174, 2100)
2026-02-28 13:31:30,253 - core.classifier - INFO - TrÈnovacie features: (692, 2100)
2026-02-28 13:31:30,253 - core.classifier - INFO - Testovacie features: (174, 2100)
2026-02-28 13:31:30,254 - core.model_trainer - INFO - ZaËÌnam trÈnovanie modelu...
2026-02-28 13:31:30,254 - core.model_trainer - INFO - TrÈnujem Random Forest...
2026-02-28 13:31:37,715 - core.model_trainer - INFO - TrÈnovacia presnosù: 1.0000
2026-02-28 13:31:37,715 - core.model_trainer - INFO - Testovacia presnosù: 0.9540
2026-02-28 13:31:37,731 - core.model_trainer - INFO - 
Classification Report:
2026-02-28 13:31:37,734 - core.model_trainer - INFO - 
              precision    recall  f1-score   support

           0       1.00      0.83      0.91        12
           1       1.00      0.93      0.96        28
           2       1.00      1.00      1.00        14
           3       1.00      0.95      0.98        21
           4       0.91      1.00      0.95        62
           5       1.00      1.00      1.00        10
           6       0.86      1.00      0.92        12
           7       1.00      0.80      0.89        15

    accuracy                           0.95       174
   macro avg       0.97      0.94      0.95       174
weighted avg       0.96      0.95      0.95       174

2026-02-28 13:31:37,734 - core.classifier - INFO - Uklad·m modely...
2026-02-28 13:31:37,754 - core.feature_extractor - INFO - Feature extractor uloûen˝
2026-02-28 13:31:37,807 - core.model_trainer - INFO - Model uloûen˝ do: C:\Users\emtod\OneDrive\Desktop\Leuskove-vecicky\MediaLens_MLP_RF\data\models\trained_model_rf.joblib
2026-02-28 13:31:37,808 - core.data_processor - INFO - Label encoder ulozeny
2026-02-28 13:31:37,809 - core.classifier - INFO - Vöetky modely uloûenÈ do: C:\Users\emtod\OneDrive\Desktop\Leuskove-vecicky\MediaLens_MLP_RF\data\models
2026-02-28 13:31:37,847 - core.classifier - INFO - KoneËn· presnosù: 0.9540
2026-02-28 13:31:37,847 - core.classifier - INFO - Priemern· istota: 0.7337
2026-02-28 13:31:37,847 - core.classifier - INFO - PoËet features: 2100
2026-02-28 13:31:37,847 - core.classifier - INFO - === TR…NOVANIE ⁄SPEäNE DOKON»EN… ===
2026-02-28 13:31:37,849 - __main__ - INFO - TrÈnovanie ˙speöne dokonËenÈ!
